build/app/intermediates/manifest_merge_blame_file/release/manifest-merger-blame-release-report.txt
1<?xml version="1.0" encoding="utf-8"?>
2<manifest xmlns:android="http://schemas.android.com/apk/res/android"
3    package="com.example.jogo_mobile_app"
4    android:versionCode="1"
5    android:versionName="1.0.0" >
6
7    <uses-sdk
8        android:minSdkVersion="16"
8-->src/main/AndroidManifest.xml
9        android:targetSdkVersion="33" />
9-->src/main/AndroidManifest.xml
10    package="com.example.jogo_mobile_app"
11    <uses-permission android:name="android.permission.CAMERA" />
11-->[:flutter_barcode_scanner] AndroidManifest.xml:9:5-65
11-->[:flutter_barcode_scanner] AndroidManifest.xml:9:22-62
12
13    <uses-feature android:name="android.hardware.camera" />
13-->[:flutter_barcode_scanner] AndroidManifest.xml:11:5-60
13-->[:flutter_barcode_scanner] AndroidManifest.xml:11:19-57
14
15    <uses-permission android:name="android.permission.FLASHLIGHT" />
15-->[:flutter_barcode_scanner] AndroidManifest.xml:13:5-69
15-->[:flutter_barcode_scanner] AndroidManifest.xml:13:22-66
16
17    <permission
17-->[androidx.core:core:1.10.1] AndroidManifest.xml:22:5-24:47
18        android:name="com.example.jogo_mobile_app.DYNAMIC_RECEIVER_NOT_EXPORTED_PERMISSION"
18-->[androidx.core:core:1.10.1] AndroidManifest.xml:23:9-81
19        android:protectionLevel="signature" />
19-->[androidx.core:core:1.10.1] AndroidManifest.xml:24:9-44
20
21    <uses-permission android:name="com.example.jogo_mobile_app.DYNAMIC_RECEIVER_NOT_EXPORTED_PERMISSION" />
21-->[androidx.core:core:1.10.1] AndroidManifest.xml:26:5-97
21-->[androidx.core:core:1.10.1] AndroidManifest.xml:26:22-94
22
23    <application
24        android:name="android.app.Application"
24-->src/main/AndroidManifest.xml:5:9-42
25        android:appComponentFactory="androidx.core.app.CoreComponentFactory"
25-->[androidx.core:core:1.10.1] AndroidManifest.xml:28:18-86
26        android:icon="@mipmap/launcher_icon"
26-->src/main/AndroidManifest.xml:6:9-45
27        android:label="Jogo"
27-->src/main/AndroidManifest.xml:4:9-29
28        android:largeHeap="true"
28-->[:flutter_barcode_scanner] AndroidManifest.xml:16:9-33
29        android:theme="@style/Theme.AppCompat.NoActionBar" >
29-->[:flutter_barcode_scanner] AndroidManifest.xml:17:9-59
30        <activity
30-->src/main/AndroidManifest.xml:7:9-27:20
31            android:name="com.example.jogo_mobile_app.MainActivity"
31-->src/main/AndroidManifest.xml:8:13-41
32            android:configChanges="orientation|keyboardHidden|keyboard|screenSize|smallestScreenSize|locale|layoutDirection|fontScale|screenLayout|density|uiMode"
32-->src/main/AndroidManifest.xml:12:13-163
33            android:exported="true"
33-->src/main/AndroidManifest.xml:9:13-36
34            android:hardwareAccelerated="true"
34-->src/main/AndroidManifest.xml:13:13-47
35            android:launchMode="singleTop"
35-->src/main/AndroidManifest.xml:10:13-43
36            android:theme="@style/LaunchTheme"
36-->src/main/AndroidManifest.xml:11:13-47
37            android:windowSoftInputMode="adjustResize" >
37-->src/main/AndroidManifest.xml:14:13-55
38
39            <!--
40                 Specifies an Android theme to apply to this Activity as soon as
41                 the Android process has started. This theme is visible to the user
42                 while the Flutter UI initializes. After that, this theme continues
43                 to determine the Window background behind the Flutter UI.
44            -->
45            <meta-data
45-->src/main/AndroidManifest.xml:19:13-22:17
46                android:name="io.flutter.embedding.android.NormalTheme"
46-->src/main/AndroidManifest.xml:20:15-70
47                android:resource="@style/NormalTheme" />
47-->src/main/AndroidManifest.xml:21:15-52
48
49            <intent-filter>
49-->src/main/AndroidManifest.xml:23:13-26:29
50                <action android:name="android.intent.action.MAIN" />
50-->src/main/AndroidManifest.xml:24:17-68
50-->src/main/AndroidManifest.xml:24:25-66
51
52                <category android:name="android.intent.category.LAUNCHER" />
52-->src/main/AndroidManifest.xml:25:17-76
52-->src/main/AndroidManifest.xml:25:27-74
53            </intent-filter>
54        </activity>
55        <!--
56             Don't delete the meta-data below.
57             This is used by the Flutter tool to generate GeneratedPluginRegistrant.java
58        -->
59        <meta-data
59-->src/main/AndroidManifest.xml:30:9-32:33
60            android:name="flutterEmbedding"
60-->src/main/AndroidManifest.xml:31:13-44
61            android:value="2" />
61-->src/main/AndroidManifest.xml:32:13-30
62
63        <activity android:name="com.amolg.flutterbarcodescanner.BarcodeCaptureActivity" />
63-->[:flutter_barcode_scanner] AndroidManifest.xml:18:9-91
63-->[:flutter_barcode_scanner] AndroidManifest.xml:18:19-88
64
65        <provider
65-->[:image_picker_android] AndroidManifest.xml:10:9-18:20
66            android:name="io.flutter.plugins.imagepicker.ImagePickerFileProvider"
66-->[:image_picker_android] AndroidManifest.xml:11:13-82
67            android:authorities="com.example.jogo_mobile_app.flutter.image_provider"
67-->[:image_picker_android] AndroidManifest.xml:12:13-74
68            android:exported="false"
68-->[:image_picker_android] AndroidManifest.xml:13:13-37
69            android:grantUriPermissions="true" >
69-->[:image_picker_android] AndroidManifest.xml:14:13-47
70            <meta-data
70-->[:image_picker_android] AndroidManifest.xml:15:13-17:75
71                android:name="android.support.FILE_PROVIDER_PATHS"
71-->[:image_picker_android] AndroidManifest.xml:16:17-67
72                android:resource="@xml/flutter_image_picker_file_paths" />
72-->[:image_picker_android] AndroidManifest.xml:17:17-72
73        </provider>
74
75        <activity
75-->[com.google.android.gms:play-services-base:17.4.0] AndroidManifest.xml:23:9-26:75
76            android:name="com.google.android.gms.common.api.GoogleApiActivity"
76-->[com.google.android.gms:play-services-base:17.4.0] AndroidManifest.xml:24:13-79
77            android:exported="false"
77-->[com.google.android.gms:play-services-base:17.4.0] AndroidManifest.xml:25:13-37
78            android:theme="@android:style/Theme.Translucent.NoTitleBar" />
78-->[com.google.android.gms:play-services-base:17.4.0] AndroidManifest.xml:26:13-72
79
80        <meta-data
80-->[com.google.android.gms:play-services-basement:17.4.0] AndroidManifest.xml:23:9-25:69
81            android:name="com.google.android.gms.version"
81-->[com.google.android.gms:play-services-basement:17.4.0] AndroidManifest.xml:24:13-58
82            android:value="@integer/google_play_services_version" />
82-->[com.google.android.gms:play-services-basement:17.4.0] AndroidManifest.xml:25:13-66
83
84        <uses-library
84-->[androidx.window:window:1.0.0-beta04] AndroidManifest.xml:25:9-27:40
85            android:name="androidx.window.extensions"
85-->[androidx.window:window:1.0.0-beta04] AndroidManifest.xml:26:13-54
86            android:required="false" />
86-->[androidx.window:window:1.0.0-beta04] AndroidManifest.xml:27:13-37
87        <uses-library
87-->[androidx.window:window:1.0.0-beta04] AndroidManifest.xml:28:9-30:40
88            android:name="androidx.window.sidecar"
88-->[androidx.window:window:1.0.0-beta04] AndroidManifest.xml:29:13-51
89            android:required="false" />
89-->[androidx.window:window:1.0.0-beta04] AndroidManifest.xml:30:13-37
90
91        <provider
91-->[androidx.profileinstaller:profileinstaller:1.3.0] AndroidManifest.xml:24:9-32:20
92            android:name="androidx.startup.InitializationProvider"
92-->[androidx.profileinstaller:profileinstaller:1.3.0] AndroidManifest.xml:25:13-67
93            android:authorities="com.example.jogo_mobile_app.androidx-startup"
93-->[androidx.profileinstaller:profileinstaller:1.3.0] AndroidManifest.xml:26:13-68
94            android:exported="false" >
94-->[androidx.profileinstaller:profileinstaller:1.3.0] AndroidManifest.xml:27:13-37
95            <meta-data
95-->[androidx.profileinstaller:profileinstaller:1.3.0] AndroidManifest.xml:29:13-31:52
96                android:name="androidx.profileinstaller.ProfileInstallerInitializer"
96-->[androidx.profileinstaller:profileinstaller:1.3.0] AndroidManifest.xml:30:17-85
97                android:value="androidx.startup" />
97-->[androidx.profileinstaller:profileinstaller:1.3.0] AndroidManifest.xml:31:17-49
98        </provider>
99
100        <receiver
100-->[androidx.profileinstaller:profileinstaller:1.3.0] AndroidManifest.xml:34:9-52:20
101            android:name="androidx.profileinstaller.ProfileInstallReceiver"
101-->[androidx.profileinstaller:profileinstaller:1.3.0] AndroidManifest.xml:35:13-76
102            android:directBootAware="false"
102-->[androidx.profileinstaller:profileinstaller:1.3.0] AndroidManifest.xml:36:13-44
103            android:enabled="true"
103-->[androidx.profileinstaller:profileinstaller:1.3.0] AndroidManifest.xml:37:13-35
104            android:exported="true"
104-->[androidx.profileinstaller:profileinstaller:1.3.0] AndroidManifest.xml:38:13-36
105            android:permission="android.permission.DUMP" >
105-->[androidx.profileinstaller:profileinstaller:1.3.0] AndroidManifest.xml:39:13-57
106            <intent-filter>
106-->[androidx.profileinstaller:profileinstaller:1.3.0] AndroidManifest.xml:40:13-42:29
107                <action android:name="androidx.profileinstaller.action.INSTALL_PROFILE" />
107-->[androidx.profileinstaller:profileinstaller:1.3.0] AndroidManifest.xml:41:17-91
107-->[androidx.profileinstaller:profileinstaller:1.3.0] AndroidManifest.xml:41:25-88
108            </intent-filter>
109            <intent-filter>
109-->[androidx.profileinstaller:profileinstaller:1.3.0] AndroidManifest.xml:43:13-45:29
110                <action android:name="androidx.profileinstaller.action.SKIP_FILE" />
110-->[androidx.profileinstaller:profileinstaller:1.3.0] AndroidManifest.xml:44:17-85
110-->[androidx.profileinstaller:profileinstaller:1.3.0] AndroidManifest.xml:44:25-82
111            </intent-filter>
112            <intent-filter>
112-->[androidx.profileinstaller:profileinstaller:1.3.0] AndroidManifest.xml:46:13-48:29
113                <action android:name="androidx.profileinstaller.action.SAVE_PROFILE" />
113-->[androidx.profileinstaller:profileinstaller:1.3.0] AndroidManifest.xml:47:17-88
113-->[androidx.profileinstaller:profileinstaller:1.3.0] AndroidManifest.xml:47:25-85
114            </intent-filter>
115            <intent-filter>
115-->[androidx.profileinstaller:profileinstaller:1.3.0] AndroidManifest.xml:49:13-51:29
116                <action android:name="androidx.profileinstaller.action.BENCHMARK_OPERATION" />
116-->[androidx.profileinstaller:profileinstaller:1.3.0] AndroidManifest.xml:50:17-95
116-->[androidx.profileinstaller:profileinstaller:1.3.0] AndroidManifest.xml:50:25-92
117            </intent-filter>
118        </receiver>
119    </application>
120
121</manifest>